<?xml version="1.0" encoding="UTF-8"?>
<Site BuildName="Darwin-c++"
	BuildStamp="20220912-1713-Experimental"
	Name="Nathans-MacBook-Air.local"
	Generator="ctest-3.21.2"
	CompilerName="/Library/Developer/CommandLineTools/usr/bin/c++"
	CompilerVersion="13.1.6.13160021"
	OSName="macOS"
	Hostname="Nathans-MacBook-Air.local"
	OSRelease="12.3.1"
	OSVersion="21E258"
	OSPlatform="arm64"
	Is64Bits="1"
	VendorString="IBM"
	VendorID="IBM"
	FamilyID="16777228"
	ModelID="2"
	ProcessorCacheSize="131072"
	NumberOfLogicalCPU="8"
	NumberOfPhysicalCPU="8"
	TotalVirtualMemory="2048"
	TotalPhysicalMemory="8192"
	LogicalProcessorsPerPhysical="8"
	ProcessorClockFrequency="0"
	>
	<Testing>
		<StartDateTime>Sep 12 13:13 EDT</StartDateTime>
		<StartTestTime>1663002831</StartTestTime>
		<TestList/>
		<EndDateTime>Sep 12 13:13 EDT</EndDateTime>
		<EndTestTime>1663002831</EndTestTime>
		<ElapsedMinutes>0</ElapsedMinutes>
	</Testing>
</Site>
